<?xml version="1.0" encoding="UTF-8"?>
<!-- Generated by org.testng.reporters.JUnitXMLReporter -->
<testsuite ignored="0" hostname="DESKTOP-CRE3CMG" failures="1" tests="1" name="Home Page Navigation" time="0.614" errors="0" timestamp="2022-04-05T14:50:41 IST">
  <testcase classname="testcases.HomePageNavigation" name="landingOnHomePage" time="0.155">
    <failure type="java.lang.AssertionError" message="expected [Automation Pracdflktice] but found [Automation Practice]">
      <![CDATA[java.lang.AssertionError: expected [Automation Pracdflktice] but found [Automation Practice]
at testcases.HomePageNavigation.landingOnHomePage(HomePageNavigation.java:19)
at java.base/java.util.ArrayList.forEach(ArrayList.java:1511)
... Removed 33 stack frames]]>
    </failure>
  </testcase> <!-- landingOnHomePage -->
</testsuite> <!-- Home Page Navigation -->
