<?xml version="1.0" encoding="UTF-8"?>
<testng-results ignored="0" total="2" passed="2" failed="0" skipped="0">
  <reporter-output>
  </reporter-output>
  <suite started-at="2022-05-25T18:39:25 IST" name="Automation QA (0)" finished-at="2022-05-25T18:39:36 IST" duration-ms="11590">
    <groups>
    </groups>
    <test started-at="2022-05-25T18:39:25 IST" name="All Courses Page Navigation" finished-at="2022-05-25T18:39:36 IST" duration-ms="11590">
      <class name="testcases.AllCoursesPage">
        <test-method is-config="true" signature="setUp()[pri:0, instance:testcases.AllCoursesPage@16f7b4af]" started-at="2022-05-25T18:39:21 IST" name="setUp" finished-at="2022-05-25T18:39:25 IST" duration-ms="3479" status="PASS">
          <reporter-output>
          </reporter-output>
        </test-method> <!-- setUp -->
        <test-method signature="landingOnCoursePage()[pri:1, instance:testcases.AllCoursesPage@16f7b4af]" started-at="2022-05-25T18:39:25 IST" name="landingOnCoursePage" finished-at="2022-05-25T18:39:36 IST" duration-ms="11584" status="PASS">
          <reporter-output>
          </reporter-output>
        </test-method> <!-- landingOnCoursePage -->
        <test-method is-config="true" signature="tearDown()[pri:0, instance:testcases.AllCoursesPage@16f7b4af]" started-at="2022-05-25T18:39:36 IST" name="tearDown" finished-at="2022-05-25T18:39:37 IST" duration-ms="840" status="PASS">
          <reporter-output>
          </reporter-output>
        </test-method> <!-- tearDown -->
      </class> <!-- testcases.AllCoursesPage -->
    </test> <!-- All Courses Page Navigation -->
  </suite> <!-- Automation QA (0) -->
  <suite started-at="2022-05-25T18:39:19 IST" name="Automation QA" finished-at="2022-05-25T18:39:20 IST" duration-ms="276">
    <groups>
    </groups>
    <test started-at="2022-05-25T18:39:19 IST" name="Home Page Navigation" finished-at="2022-05-25T18:39:20 IST" duration-ms="276">
      <class name="testcases.HomePageNavigation">
        <test-method is-config="true" signature="setUp()[pri:0, instance:testcases.HomePageNavigation@7fc44dec]" started-at="2022-05-25T18:39:14 IST" name="setUp" finished-at="2022-05-25T18:39:19 IST" duration-ms="5691" status="PASS">
          <reporter-output>
          </reporter-output>
        </test-method> <!-- setUp -->
        <test-method signature="landingOnHomePage()[pri:1, instance:testcases.HomePageNavigation@7fc44dec]" started-at="2022-05-25T18:39:19 IST" name="landingOnHomePage" finished-at="2022-05-25T18:39:20 IST" duration-ms="130" status="PASS">
          <reporter-output>
          </reporter-output>
        </test-method> <!-- landingOnHomePage -->
        <test-method is-config="true" signature="tearDown()[pri:0, instance:testcases.HomePageNavigation@7fc44dec]" started-at="2022-05-25T18:39:20 IST" name="tearDown" finished-at="2022-05-25T18:39:21 IST" duration-ms="867" status="PASS">
          <reporter-output>
          </reporter-output>
        </test-method> <!-- tearDown -->
      </class> <!-- testcases.HomePageNavigation -->
    </test> <!-- Home Page Navigation -->
  </suite> <!-- Automation QA -->
</testng-results>
