<?xml version="1.0" encoding="UTF-8"?>
<testng-results ignored="0" total="1" passed="1" failed="0" skipped="0">
  <reporter-output>
  </reporter-output>
  <suite started-at="2022-05-25T18:24:23 IST" name="Automation QA" finished-at="2022-05-25T18:24:44 IST" duration-ms="20899">
    <groups>
    </groups>
    <test started-at="2022-05-25T18:24:23 IST" name="All Courses Page Navigation" finished-at="2022-05-25T18:24:44 IST" duration-ms="20899">
      <class name="testcases.AllCoursesPage">
        <test-method is-config="true" signature="setUp()[pri:0, instance:testcases.AllCoursesPage@2374d36a]" started-at="2022-05-25T18:24:16 IST" name="setUp" finished-at="2022-05-25T18:24:23 IST" duration-ms="7061" status="PASS">
          <reporter-output>
          </reporter-output>
        </test-method> <!-- setUp -->
        <test-method signature="landingOnCoursePage()[pri:1, instance:testcases.AllCoursesPage@2374d36a]" started-at="2022-05-25T18:24:24 IST" name="landingOnCoursePage" finished-at="2022-05-25T18:24:44 IST" duration-ms="20774" status="PASS">
          <reporter-output>
          </reporter-output>
        </test-method> <!-- landingOnCoursePage -->
        <test-method is-config="true" signature="tearDown()[pri:0, instance:testcases.AllCoursesPage@2374d36a]" started-at="2022-05-25T18:24:45 IST" name="tearDown" finished-at="2022-05-25T18:24:46 IST" duration-ms="626" status="PASS">
          <reporter-output>
          </reporter-output>
        </test-method> <!-- tearDown -->
      </class> <!-- testcases.AllCoursesPage -->
    </test> <!-- All Courses Page Navigation -->
  </suite> <!-- Automation QA -->
</testng-results>
